--------------------------------------------------------------------------------
Release 14.4 Trace  (lin64)
Copyright (c) 1995-2012 Xilinx, Inc.  All rights reserved.

/opt/Xilinx/14.4/ISE_DS/ISE/bin/lin64/unwrapped/trce -intstyle ise -v 3 -s 3 -n
3 -fastpaths -xml and_gate.twx and_gate.ncd -o and_gate.twr and_gate.pcf

Design file:              and_gate.ncd
Physical constraint file: and_gate.pcf
Device,package,speed:     xc7a100t,csg324,C,-3 (ADVANCED 1.06 2012-12-04)
Report level:             verbose report

Environment Variable      Effect 
--------------------      ------ 
NONE                      No environment variables were set
--------------------------------------------------------------------------------

INFO:Timing:2698 - No timing constraints found, doing default enumeration.
INFO:Timing:3412 - To improve timing, see the Timing Closure User Guide (UG612).
INFO:Timing:2752 - To get complete path coverage, use the unconstrained paths 
   option. All paths that are not constrained will be reported in the 
   unconstrained paths section(s) of the report.
INFO:Timing:3339 - The clock-to-out numbers in this timing report are based on 
   a 50 Ohm transmission line loading model.  For the details of this model, 
   and for more information on accounting for different loading conditions, 
   please see the device datasheet.



Data Sheet report:
-----------------
All values displayed in nanoseconds (ns)

Pad to Pad
---------------+---------------+---------+
Source Pad     |Destination Pad|  Delay  |
---------------+---------------+---------+
a<0>           |x<0>           |    5.472|
a<1>           |x<1>           |    5.155|
a<2>           |x<2>           |    5.702|
a<3>           |x<3>           |    5.346|
b<0>           |x<0>           |    5.380|
b<1>           |x<1>           |    5.439|
b<2>           |x<2>           |    5.607|
b<3>           |x<3>           |    5.241|
---------------+---------------+---------+


Analysis completed Mon Sep 16 17:26:42 2013 
--------------------------------------------------------------------------------

Trace Settings:
-------------------------
Trace Settings 

Peak Memory Usage: 764 MB



